<?xml version="1.0" encoding="UTF-8"?>
<!-- Generated by org.testng.reporters.JUnitXMLReporter -->
<testsuite ignored="0" hostname="DESKTOP-5VJNL8D" failures="0" tests="6" name="Default test" time="10.934" errors="0" timestamp="2024-01-05T18:59:56 EST">
  <testcase classname="api.test.DDTests" name="testPostUser" time="5.476"/>
  <testcase classname="api.test.DDTests" name="testPostUser" time="0.217"/>
  <testcase classname="api.test.DDTests" name="testPostUser" time="0.15"/>
  <testcase classname="api.test.DDTests" name="testDeleteUserByName" time="0.168"/>
  <testcase classname="api.test.DDTests" name="testDeleteUserByName" time="0.151"/>
  <testcase classname="api.test.DDTests" name="testDeleteUserByName" time="0.134"/>
</testsuite> <!-- Default test -->
