<?xml version="1.0" encoding="UTF-8"?>
<!-- Generated by org.testng.reporters.JUnitXMLReporter -->
<testsuite ignored="0" hostname="DESKTOP-5VJNL8D" failures="0" tests="10" name="Test" time="17.664" errors="0" timestamp="2024-01-08T16:04:42 EST">
  <testcase classname="api.test.UserTest" name="testPostUser" time="8.546"/>
  <testcase classname="api.test.UserTest" name="testGetUser" time="0.288"/>
  <testcase classname="api.test.UserTest" name="testUpdateUserByName" time="0.329"/>
  <testcase classname="api.test.UserTest" name="testDeleteUserByname" time="0.128"/>
  <testcase classname="api.test.DDTests" name="testPostUser" time="0.182"/>
  <testcase classname="api.test.DDTests" name="testPostUser" time="0.187"/>
  <testcase classname="api.test.DDTests" name="testPostUser" time="0.177"/>
  <testcase classname="api.test.DDTests" name="testDeleteUserByName" time="0.149"/>
  <testcase classname="api.test.DDTests" name="testDeleteUserByName" time="0.133"/>
  <testcase classname="api.test.DDTests" name="testDeleteUserByName" time="0.128"/>
</testsuite> <!-- Test -->
