<?xml version="1.0" encoding="UTF-8"?>
<!-- Generated by org.testng.reporters.JUnitXMLReporter -->
<testsuite ignored="0" hostname="DESKTOP-5VJNL8D" failures="0" tests="10" name="Test" time="17.963" errors="0" timestamp="2024-01-08T19:48:46 EST">
  <testcase classname="api.test.UserTest" name="testPostUser" time="7.437"/>
  <testcase classname="api.test.UserTest" name="testGetUser" time="0.264"/>
  <testcase classname="api.test.UserTest" name="testUpdateUserByName" time="0.396"/>
  <testcase classname="api.test.UserTest" name="testDeleteUserByname" time="0.172"/>
  <testcase classname="api.test.DDTests" name="testPostUser" time="0.185"/>
  <testcase classname="api.test.DDTests" name="testPostUser" time="0.16"/>
  <testcase classname="api.test.DDTests" name="testPostUser" time="0.141"/>
  <testcase classname="api.test.DDTests" name="testDeleteUserByName" time="0.139"/>
  <testcase classname="api.test.DDTests" name="testDeleteUserByName" time="0.135"/>
  <testcase classname="api.test.DDTests" name="testDeleteUserByName" time="0.159"/>
</testsuite> <!-- Test -->
